  Proyecto final.cpp
C:\Users\alumno\source\repos\Proyecto-final\Proyecto final\Proyecto final.cpp(86,1): warning C4311: 'conversión de tipo': truncamiento de puntero de 'char *' a 'int'
C:\Users\alumno\source\repos\Proyecto-final\Proyecto final\Proyecto final.cpp(86,1): warning C4302: 'conversión de tipo': truncamiento de 'char *' a 'int'
C:\Users\alumno\source\repos\Proyecto-final\Proyecto final\Proyecto final.cpp(253,1): warning C4311: 'conversión de tipo': truncamiento de puntero de 'char *' a 'int'
C:\Users\alumno\source\repos\Proyecto-final\Proyecto final\Proyecto final.cpp(253,1): warning C4302: 'conversión de tipo': truncamiento de 'char *' a 'int'
C:\Users\alumno\source\repos\Proyecto-final\Proyecto final\Proyecto final.cpp(254,1): warning C4311: 'conversión de tipo': truncamiento de puntero de 'char *' a 'int'
C:\Users\alumno\source\repos\Proyecto-final\Proyecto final\Proyecto final.cpp(254,1): warning C4302: 'conversión de tipo': truncamiento de 'char *' a 'int'
C:\Users\alumno\source\repos\Proyecto-final\Proyecto final\Proyecto final.cpp(416,1): warning C4311: 'conversión de tipo': truncamiento de puntero de 'char *' a 'int'
C:\Users\alumno\source\repos\Proyecto-final\Proyecto final\Proyecto final.cpp(416,1): warning C4302: 'conversión de tipo': truncamiento de 'char *' a 'int'
C:\Users\alumno\source\repos\Proyecto-final\Proyecto final\Proyecto final.cpp(417,1): warning C4311: 'conversión de tipo': truncamiento de puntero de 'char *' a 'int'
C:\Users\alumno\source\repos\Proyecto-final\Proyecto final\Proyecto final.cpp(417,1): warning C4302: 'conversión de tipo': truncamiento de 'char *' a 'int'
C:\Users\alumno\source\repos\Proyecto-final\Proyecto final\Proyecto final.cpp(596,1): warning C4311: 'conversión de tipo': truncamiento de puntero de 'char *' a 'int'
C:\Users\alumno\source\repos\Proyecto-final\Proyecto final\Proyecto final.cpp(596,1): warning C4302: 'conversión de tipo': truncamiento de 'char *' a 'int'
C:\Users\alumno\source\repos\Proyecto-final\Proyecto final\Proyecto final.cpp(604,1): warning C4311: 'conversión de tipo': truncamiento de puntero de 'char *' a 'int'
C:\Users\alumno\source\repos\Proyecto-final\Proyecto final\Proyecto final.cpp(604,1): warning C4302: 'conversión de tipo': truncamiento de 'char *' a 'int'
C:\Users\alumno\source\repos\Proyecto-final\Proyecto final\Proyecto final.cpp(611,1): warning C4311: 'conversión de tipo': truncamiento de puntero de 'char *' a 'int'
C:\Users\alumno\source\repos\Proyecto-final\Proyecto final\Proyecto final.cpp(611,1): warning C4302: 'conversión de tipo': truncamiento de 'char *' a 'int'
C:\Users\alumno\source\repos\Proyecto-final\Proyecto final\Proyecto final.cpp(620,1): warning C4267: 'inicializando': conversión de 'size_t' a 'int'; posible pérdida de datos
  Generando código
  0 of 236 functions ( 0.0%) were compiled, the rest were copied from previous compilation.
    0 functions were new in current compilation
    0 functions had inline decision re-evaluated but remain unchanged
  Generación de código finalizada
  Proyecto final.vcxproj -> C:\Users\alumno\source\repos\Proyecto-final\x64\Release\Proyecto final.exe
